100.01.02 17:06 B c:\My Documents\homepage\dependNet\dependNet_files\filelist.xml --> ftp.one.net /home2/o/b/objwind/web-public/dependNet/dependNet_files filelist.xml
100.01.02 17:06 B c:\My Documents\homepage\dependNet\dependNet_files\image001.gif --> ftp.one.net /home2/o/b/objwind/web-public/dependNet/dependNet_files image001.gif
100.01.02 17:06 B c:\My Documents\homepage\dependNet\dependNet_files\image002.gif --> ftp.one.net /home2/o/b/objwind/web-public/dependNet/dependNet_files image002.gif
100.01.02 17:06 B c:\My Documents\homepage\dependNet\dependNet_files\image003.gif --> ftp.one.net /home2/o/b/objwind/web-public/dependNet/dependNet_files image003.gif
100.03.14 16:11 B c:\My Documents\homepage\dependNet\dependNet_files\filelist.xml --> www.objectwind.com /dependNet/dependNet_files filelist.xml
100.03.14 16:11 B c:\My Documents\homepage\dependNet\dependNet_files\image001.gif --> www.objectwind.com /dependNet/dependNet_files image001.gif
100.03.14 16:11 B c:\My Documents\homepage\dependNet\dependNet_files\image002.gif --> www.objectwind.com /dependNet/dependNet_files image002.gif
100.03.14 16:11 B c:\My Documents\homepage\dependNet\dependNet_files\image003.gif --> www.objectwind.com /dependNet/dependNet_files image003.gif
100.03.14 16:11 B c:\My Documents\homepage\dependNet\dependNet_files\WS_FTP.LOG --> www.objectwind.com /dependNet/dependNet_files WS_FTP.LOG
100.04.02 16:20 B c:\My Documents\homepage\dependNet\dependNet_files\filelist.xml --> ftp.one.net /home2/o/b/objwind/web-public/dependNet/dependNet_files filelist.xml
100.04.02 16:20 B c:\My Documents\homepage\dependNet\dependNet_files\image001.gif --> ftp.one.net /home2/o/b/objwind/web-public/dependNet/dependNet_files image001.gif
100.04.02 16:20 B c:\My Documents\homepage\dependNet\dependNet_files\image002.gif --> ftp.one.net /home2/o/b/objwind/web-public/dependNet/dependNet_files image002.gif
100.04.02 16:20 B c:\My Documents\homepage\dependNet\dependNet_files\image003.gif --> ftp.one.net /home2/o/b/objwind/web-public/dependNet/dependNet_files image003.gif
100.04.02 16:20 B c:\My Documents\homepage\dependNet\dependNet_files\WS_FTP.LOG --> ftp.one.net /home2/o/b/objwind/web-public/dependNet/dependNet_files WS_FTP.LOG
100.04.12 14:00 B c:\My Documents\homepage\dependNet\dependNet_files\filelist.xml --> objwind.addr.com /usr/home23/objwind/public_html/dependNet/dependNet_files filelist.xml
100.04.12 14:00 B c:\My Documents\homepage\dependNet\dependNet_files\image001.gif --> objwind.addr.com /usr/home23/objwind/public_html/dependNet/dependNet_files image001.gif
100.04.12 14:00 B c:\My Documents\homepage\dependNet\dependNet_files\image002.gif --> objwind.addr.com /usr/home23/objwind/public_html/dependNet/dependNet_files image002.gif
100.04.12 14:00 B c:\My Documents\homepage\dependNet\dependNet_files\image003.gif --> objwind.addr.com /usr/home23/objwind/public_html/dependNet/dependNet_files image003.gif
2003.02.12 16:03 B g:\NewSite\public_html\dependNet\dependNet_files\WS_FTP.LOG <-- ftp.addr.com /usr341/home/o/b/objwind/public_html/dependNet/dependNet_files WS_FTP.LOG
2003.02.12 16:30 B G:\NewSite\public_html\dependNet\dependNet_files\filelist.xml --> 65.109.11.155 /objectwind-www/dependNet/dependNet_files filelist.xml
2003.02.12 16:30 B G:\NewSite\public_html\dependNet\dependNet_files\image001.gif --> 65.109.11.155 /objectwind-www/dependNet/dependNet_files image001.gif
2003.02.12 16:30 B G:\NewSite\public_html\dependNet\dependNet_files\image002.gif --> 65.109.11.155 /objectwind-www/dependNet/dependNet_files image002.gif
2003.02.12 16:30 B G:\NewSite\public_html\dependNet\dependNet_files\image003.gif --> 65.109.11.155 /objectwind-www/dependNet/dependNet_files image003.gif
